
=== Sat Mar 13 02:49:38 2021

Packages were changed.
Update Mode: mergeDefaultDependencies

The following packages were updated:
  com.unity.burst from version 1.3.9 to 1.4.4
  com.unity.collab-proxy from version 1.3.8 to 1.3.9
  com.unity.ide.rider from version 1.2.1 to 2.0.7
  com.unity.ide.visualstudio from version 2.0.2 to 2.0.7
  com.unity.ide.vscode from version 1.2.1 to 1.2.3
  com.unity.inputsystem from version 1.0.0 to 1.0.2
  com.unity.quicksearch from version 1.5.4 to 2.0.2
  com.unity.render-pipelines.universal from version 8.2.0 to 10.3.1
  com.unity.test-framework from version 1.1.14 to 1.1.22
  com.unity.textmeshpro from version 3.0.0-preview.1 to 3.0.1
  com.unity.timeline from version 1.3.4 to 1.4.6

=== Tue Jul  6 14:33:38 2021

Packages were changed.
Update Mode: updateDependencies

The following packages were updated:
  com.unity.collab-proxy from version 1.3.9 to 1.5.7
  com.unity.ide.visualstudio from version 2.0.7 to 2.0.9
  com.unity.render-pipelines.high-definition-config from version 10.3.2 to 10.5.0
  com.unity.render-pipelines.universal from version 10.3.2 to 10.5.0
  com.unity.test-framework from version 1.1.24 to 1.1.26
  com.unity.textmeshpro from version 3.0.4 to 3.0.6
  com.unity.timeline from version 1.4.6 to 1.4.8
